<?xml version="1.0" encoding="UTF-8"?>
<!-- Generated by org.testng.reporters.JUnitReportReporter -->
<testsuite hostname="DESKTOP-T8BFVIF" failures="0" tests="1" name="com.actitime.testscript.CustomerModule" time="0.022" errors="0" timestamp="2023-09-28T14:53:20 IST" skipped="0">
  <testcase classname="com.actitime.testscript.CustomerModule" name="CreateCustomer" time="0.022">
    <system-out>
      <![CDATA[welcome to Maven]]>
    </system-out>
  </testcase> <!-- CreateCustomer -->
  <system-out>
    <![CDATA[welcome to Maven]]>
  </system-out>
</testsuite> <!-- com.actitime.testscript.CustomerModule -->
